c:\users\sjovic\desktop\repos\diplomski rad\diplomski-rad\motion_detection_c\release\vc142.pdb
c:\users\sjovic\desktop\repos\diplomski rad\diplomski-rad\motion_detection_c\release\motion_detection.obj
c:\users\sjovic\desktop\repos\diplomski rad\diplomski-rad\motion_detection_c\release\main.obj
c:\users\jova\desktop\diplomski rad\diplomski-rad\motion_detection_c\release\vc142.pdb
c:\users\jova\desktop\diplomski rad\diplomski-rad\motion_detection_c\release\motion_detection.obj
c:\users\jova\desktop\diplomski rad\diplomski-rad\motion_detection_c\release\main.obj
c:\users\sjovic\desktop\repos\diplomski rad\diplomski-rad\motion_detection_c\release\motion_detection_c.exe
c:\users\sjovic\desktop\repos\diplomski rad\diplomski-rad\motion_detection_c\release\motion_detection_c.pdb
c:\users\sjovic\desktop\repos\diplomski rad\diplomski-rad\motion_detection_c\release\motion_detection_c.ipdb
c:\users\sjovic\desktop\repos\diplomski rad\diplomski-rad\motion_detection_c\release\motion_detection_c.iobj
c:\users\jova\desktop\diplomski rad\diplomski-rad\motion_detection_c\release\motion_detection_c.ipdb
c:\users\jova\desktop\diplomski rad\diplomski-rad\motion_detection_c\release\motion_detection_c.iobj
c:\users\jova\desktop\diplomski rad\diplomski-rad\motion_detection_c\release\motion_detection_c.pdb
c:\users\jova\desktop\diplomski rad\diplomski-rad\motion_detection_c\release\motion_d.430d353d.tlog\cl.command.1.tlog
c:\users\jova\desktop\diplomski rad\diplomski-rad\motion_detection_c\release\motion_d.430d353d.tlog\cl.read.1.tlog
c:\users\jova\desktop\diplomski rad\diplomski-rad\motion_detection_c\release\motion_d.430d353d.tlog\cl.write.1.tlog
c:\users\jova\desktop\diplomski rad\diplomski-rad\motion_detection_c\release\motion_d.430d353d.tlog\link.command.1.tlog
c:\users\jova\desktop\diplomski rad\diplomski-rad\motion_detection_c\release\motion_d.430d353d.tlog\link.delete.1.tlog
c:\users\jova\desktop\diplomski rad\diplomski-rad\motion_detection_c\release\motion_d.430d353d.tlog\link.read.1.tlog
c:\users\jova\desktop\diplomski rad\diplomski-rad\motion_detection_c\release\motion_d.430d353d.tlog\link.write.1.tlog
c:\users\jova\desktop\diplomski rad\diplomski-rad\motion_detection_c\release\motion_d.430d353d.tlog\motion_detection_c.write.1u.tlog
